Arguments: 
  C:\Program Files\nodejs\node.exe C:\Program Files (x86)\Yarn\bin\yarn.js add express/lib/response

PATH: 
  C:\ProgramData\Oracle\Java\javapath;C:\Program Files\Java\zulu11.52.13-ca-jdk11.0.13-win_x64\bin;C:\Program Files\Common Files\Oracle\Java\javapath;C:\Python39\Scripts\;C:\Python39\;C:\Program Files (x86)\Intel\Intel(R) Management Engine Components\iCLS\;C:\Program Files\Intel\Intel(R) Management Engine Components\iCLS\;C:\WINDOWS\system32;C:\WINDOWS;C:\WINDOWS\System32\Wbem;C:\WINDOWS\System32\WindowsPowerShell\v1.0\;C:\WINDOWS\System32\OpenSSH\;C:\Program Files (x86)\Intel\Intel(R) Management Engine Components\DAL;C:\Program Files\Intel\Intel(R) Management Engine Components\DAL;C:\Program Files (x86)\Intel\Intel(R) Management Engine Components\IPT;C:\Program Files\Intel\Intel(R) Management Engine Components\IPT;C:\Program Files\Git\cmd;C:\MinGW\bin;C:\Program Files (x86)\Yarn\bin\;C:\ProgramData\chocolatey\bin;C:\Program Files (x86)\dotnet\;C:\Program Files\Microsoft SQL Server\Client SDK\ODBC\170\Tools\Binn\;C:\Program Files (x86)\Microsoft SQL Server\150\Tools\Binn\;C:\Program Files\Microsoft SQL Server\150\Tools\Binn\;C:\Program Files\Microsoft SQL Server\150\DTS\Binn\;C:\Program Files\nodejs\;C:\Program Files\MongoDB\Server\5.0\bin;C:\Program Files\Java\zulu11.45.27-ca-jdk11.0.10-win_x64\bin;C:\Users\Breno\AppData\Local\Microsoft\WindowsApps;C:\src\flutter\bin;C:\Users\Breno\AppData\Local\Android\Sdk;C:\Program Files\Git\bin;C:\MinGW\bin;C:\Users\Breno\AppData\Local\Yarn\bin;C:\Users\Breno\AppData\Local\Programs\Microsoft VS Code\bin;C:\apache-maven-3.8.2\bin;C:\Program Files (x86)\Sophos\Sophos SSL VPN Client\bin;C:\Program Files\heroku\bin;C:\Program Files\Azure Data Studio\bin;C:\Users\Breno\AppData\Roaming\npm

Yarn version: 
  1.22.5

Node version: 
  16.15.0

Platform: 
  win32 x64

Trace: 
  Error: https://registry.yarnpkg.com/express%2flib/response: Request "https://registry.yarnpkg.com/express%2flib/response" returned a 405
      at Request.params.callback [as _callback] (C:\Program Files (x86)\Yarn\lib\cli.js:66106:18)
      at Request.self.callback (C:\Program Files (x86)\Yarn\lib\cli.js:140749:22)
      at Request.emit (node:events:527:28)
      at Request.<anonymous> (C:\Program Files (x86)\Yarn\lib\cli.js:141721:10)
      at Request.emit (node:events:527:28)
      at IncomingMessage.<anonymous> (C:\Program Files (x86)\Yarn\lib\cli.js:141643:12)
      at Object.onceWrapper (node:events:641:28)
      at IncomingMessage.emit (node:events:539:35)
      at endReadableNT (node:internal/streams/readable:1345:12)
      at processTicksAndRejections (node:internal/process/task_queues:83:21)

npm manifest: 
  {
    "name": "backendconsultasb3",
    "version": "1.0.0",
    "description": "",
    "main": "app.js",
    "scripts": {
      "test": "echo \"Error: no test specified\" && exit 1"
    },
    "repository": {
      "type": "git",
      "url": "git+https://github.com/brenobccc/BackEnd_ConsultasB3.git"
    },
    "keywords": [
      "bolsa",
      "de",
      "valores",
      "ativos",
      "b3"
    ],
    "author": "Breno",
    "license": "ISC",
    "bugs": {
      "url": "https://github.com/brenobccc/BackEnd_ConsultasB3/issues"
    },
    "homepage": "https://github.com/brenobccc/BackEnd_ConsultasB3#readme",
    "dependencies": {
      "cors": "^2.8.5",
      "express": "^4.18.1",
      "express-session": "^1.17.3",
      "fs": "^0.0.1-security",
      "http": "^0.0.1-security",
      "node-fetch-commonjs": "^3.1.1",
      "query-string": "^7.1.1",
      "request": "^2.88.2",
      "url": "^0.11.0"
    }
  }

yarn manifest: 
  No manifest

Lockfile: 
  No lockfile
